<?xml version="1.0" encoding="UTF-8"?>
<!-- Generated by org.testng.reporters.JUnitXMLReporter -->
<testsuite ignored="0" hostname="Abhinaya" failures="3" tests="3" name="Test" time="0.067" errors="0" timestamp="17 Sep 2024 09:53:34 GMT">
  <testcase classname="ParametersTestng.Sum" name="add" time="0.0">
    <failure type="org.testng.TestNGException" message="
Parameter &amp;apos;a&amp;apos; is required by @Test on method add but has not been marked @Optional or defined
in C:\Users\abhin\eclipse-workspace\MavenProjectTestngPractice\testng.xml">
      <![CDATA[org.testng.TestNGException: 
Parameter 'a' is required by @Test on method add but has not been marked @Optional or defined
in C:\Users\abhin\eclipse-workspace\MavenProjectTestngPractice\testng.xml
... Removed 23 stack frames]]>
    </failure>
  </testcase> <!-- add -->
  <testcase classname="ParametersTestng.Subtract" name="minus" time="0.0">
    <failure type="org.testng.TestNGException" message="
Parameter &amp;apos;a&amp;apos; is required by @Test on method minus but has not been marked @Optional or defined
in C:\Users\abhin\eclipse-workspace\MavenProjectTestngPractice\testng.xml">
      <![CDATA[org.testng.TestNGException: 
Parameter 'a' is required by @Test on method minus but has not been marked @Optional or defined
in C:\Users\abhin\eclipse-workspace\MavenProjectTestngPractice\testng.xml
... Removed 23 stack frames]]>
    </failure>
  </testcase> <!-- minus -->
  <testcase classname="ParametersTestng.Multiply" name="mul" time="0.0">
    <failure type="org.testng.TestNGException" message="
Parameter &amp;apos;a&amp;apos; is required by @Test on method mul but has not been marked @Optional or defined
in C:\Users\abhin\eclipse-workspace\MavenProjectTestngPractice\testng.xml">
      <![CDATA[org.testng.TestNGException: 
Parameter 'a' is required by @Test on method mul but has not been marked @Optional or defined
in C:\Users\abhin\eclipse-workspace\MavenProjectTestngPractice\testng.xml
... Removed 23 stack frames]]>
    </failure>
  </testcase> <!-- mul -->
</testsuite> <!-- Test -->
