<?xml version="1.0" encoding="UTF-8"?>
<!-- Generated by org.testng.reporters.JUnitXMLReporter -->
<testsuite ignored="0" hostname="Abhinaya" failures="2" tests="4" name="Test" time="0.058" errors="0" timestamp="17 Sep 2024 12:26:59 GMT">
  <testcase classname="ParametersinTestngSecond.Fruits" name="apple" time="0.008"/>
  <testcase classname="ParametersinTestngSecond.Fruits" name="mango" time="0.002"/>
  <testcase classname="ParametersinTestngSecond.Vegetables" name="carrot" time="0.0">
    <failure type="org.testng.TestNGException" message="
Parameter &amp;apos;Carrot&amp;apos; is required by @Test on method carrot but has not been marked @Optional or defined
in C:\Users\abhin\eclipse-workspace\ParametersinTestngSecond\testng.xml">
      <![CDATA[org.testng.TestNGException: 
Parameter 'Carrot' is required by @Test on method carrot but has not been marked @Optional or defined
in C:\Users\abhin\eclipse-workspace\ParametersinTestngSecond\testng.xml
... Removed 23 stack frames]]>
    </failure>
  </testcase> <!-- carrot -->
  <testcase classname="ParametersinTestngSecond.Vegetables" name="cauliflower" time="0.0">
    <failure type="org.testng.TestNGException" message="
Parameter &amp;apos;Cauliflower&amp;apos; is required by @Test on method cauliflower but has not been marked @Optional or defined
in C:\Users\abhin\eclipse-workspace\ParametersinTestngSecond\testng.xml">
      <![CDATA[org.testng.TestNGException: 
Parameter 'Cauliflower' is required by @Test on method cauliflower but has not been marked @Optional or defined
in C:\Users\abhin\eclipse-workspace\ParametersinTestngSecond\testng.xml
... Removed 23 stack frames]]>
    </failure>
  </testcase> <!-- cauliflower -->
</testsuite> <!-- Test -->
