<?xml version="1.0" encoding="UTF-8"?>
<!-- Generated by org.testng.reporters.JUnitXMLReporter -->
<testsuite ignored="0" hostname="Abhinaya" failures="1" tests="15" name="Test" time="203.591" errors="0" timestamp="17 Sep 2024 05:59:18 GMT">
  <testcase classname="seleniumDriverLearning.Irctc" name="irctc" time="33.518">
    <failure type="org.openqa.selenium.NoSuchElementException" message="no such element: Unable to locate element: {&amp;quot;method&amp;quot;:&amp;quot;xpath&amp;quot;,&amp;quot;selector&amp;quot;:&amp;quot;//a[@class=&amp;apos;fa fa-window-close pull-right loginCloseBtn ng-tns-c19-13&amp;apos;]&amp;quot;}
  (Session info: chrome=128.0.6613.85)
For documentation on this error, please visit: https://www.selenium.dev/documentation/webdriver/troubleshooting/errors#no-such-element-exception
Build info: version: &amp;apos;4.23.1&amp;apos;, revision: &amp;apos;656257d8e9&amp;apos;
System info: os.name: &amp;apos;Windows 11&amp;apos;, os.arch: &amp;apos;amd64&amp;apos;, os.version: &amp;apos;10.0&amp;apos;, java.version: &amp;apos;17.0.8&amp;apos;
Driver info: org.openqa.selenium.chrome.ChromeDriver
Command: [b150f1ac38e4ad5144cf4b9d20a6984b, findElement {value=//a[@class=&amp;apos;fa fa-window-close pull-right loginCloseBtn ng-tns-c19-13&amp;apos;], using=xpath}]
Capabilities {acceptInsecureCerts: false, browserName: chrome, browserVersion: 128.0.6613.85, chrome: {chromedriverVersion: 128.0.6613.137 (fe621c5aa2d..., userDataDir: C:\Users\abhin\AppData\Loca...}, fedcm:accounts: true, goog:chromeOptions: {debuggerAddress: localhost:64729}, networkConnectionEnabled: false, pageLoadStrategy: normal, platformName: windows, proxy: Proxy(), se:cdp: ws://localhost:64729/devtoo..., se:cdpVersion: 128.0.6613.85, setWindowRect: true, strictFileInteractability: false, timeouts: {implicit: 0, pageLoad: 300000, script: 30000}, unhandledPromptBehavior: dismiss and notify, webauthn:extension:credBlob: true, webauthn:extension:largeBlob: true, webauthn:extension:minPinLength: true, webauthn:extension:prf: true, webauthn:virtualAuthenticators: true}
Session ID: b150f1ac38e4ad5144cf4b9d20a6984b">
      <![CDATA[org.openqa.selenium.NoSuchElementException: no such element: Unable to locate element: {"method":"xpath","selector":"//a[@class='fa fa-window-close pull-right loginCloseBtn ng-tns-c19-13']"}
  (Session info: chrome=128.0.6613.85)
For documentation on this error, please visit: https://www.selenium.dev/documentation/webdriver/troubleshooting/errors#no-such-element-exception
Build info: version: '4.23.1', revision: '656257d8e9'
System info: os.name: 'Windows 11', os.arch: 'amd64', os.version: '10.0', java.version: '17.0.8'
Driver info: org.openqa.selenium.chrome.ChromeDriver
Command: [b150f1ac38e4ad5144cf4b9d20a6984b, findElement {value=//a[@class='fa fa-window-close pull-right loginCloseBtn ng-tns-c19-13'], using=xpath}]
Capabilities {acceptInsecureCerts: false, browserName: chrome, browserVersion: 128.0.6613.85, chrome: {chromedriverVersion: 128.0.6613.137 (fe621c5aa2d..., userDataDir: C:\Users\abhin\AppData\Loca...}, fedcm:accounts: true, goog:chromeOptions: {debuggerAddress: localhost:64729}, networkConnectionEnabled: false, pageLoadStrategy: normal, platformName: windows, proxy: Proxy(), se:cdp: ws://localhost:64729/devtoo..., se:cdpVersion: 128.0.6613.85, setWindowRect: true, strictFileInteractability: false, timeouts: {implicit: 0, pageLoad: 300000, script: 30000}, unhandledPromptBehavior: dismiss and notify, webauthn:extension:credBlob: true, webauthn:extension:largeBlob: true, webauthn:extension:minPinLength: true, webauthn:extension:prf: true, webauthn:virtualAuthenticators: true}
Session ID: b150f1ac38e4ad5144cf4b9d20a6984b
	at org.openqa.selenium.remote.ErrorCodec.decode(ErrorCodec.java:167)
	at org.openqa.selenium.remote.codec.w3c.W3CHttpResponseCodec.decode(W3CHttpResponseCodec.java:138)
	at org.openqa.selenium.remote.codec.w3c.W3CHttpResponseCodec.decode(W3CHttpResponseCodec.java:50)
	at org.openqa.selenium.remote.HttpCommandExecutor.execute(HttpCommandExecutor.java:190)
	at org.openqa.selenium.remote.service.DriverCommandExecutor.invokeExecute(DriverCommandExecutor.java:216)
	at org.openqa.selenium.remote.service.DriverCommandExecutor.execute(DriverCommandExecutor.java:174)
	at org.openqa.selenium.remote.RemoteWebDriver.execute(RemoteWebDriver.java:545)
	at org.openqa.selenium.remote.ElementLocation$ElementFinder$2.findElement(ElementLocation.java:165)
	at org.openqa.selenium.remote.ElementLocation.findElement(ElementLocation.java:59)
	at org.openqa.selenium.remote.RemoteWebDriver.findElement(RemoteWebDriver.java:368)
	at org.openqa.selenium.remote.RemoteWebDriver.findElement(RemoteWebDriver.java:362)
	at seleniumDriverLearning.Irctc.irctc(Irctc.java:24)
... Removed 30 stack frames]]>
    </failure>
  </testcase> <!-- irctc -->
  <testcase classname="seleniumDriverLearning.InternetHookupPartTwo" name="Ainternet" time="26.52"/>
  <testcase classname="seleniumDriverLearning.InternetHookupPartTwo" name="Balert" time="18.093"/>
  <testcase classname="seleniumDriverLearning.InternetHookupPartTwo" name="close" time="0.579"/>
  <testcase classname="seleniumDriverLearning.InternetHookup" name="checkbox" time="5.626"/>
  <testcase classname="seleniumDriverLearning.InternetHookup" name="dragAndDrop" time="1.239"/>
  <testcase classname="seleniumDriverLearning.InternetHookup" name="close" time="0.855"/>
  <testcase classname="seleniumDriverLearning.SauceDemo" name="ABrowserLaunch" time="1.076"/>
  <testcase classname="seleniumDriverLearning.SauceDemo" name="Blogin" time="9.76"/>
  <testcase classname="seleniumDriverLearning.SauceDemo" name="close" time="0.528"/>
  <testcase classname="seleniumDriverLearning.Flipkart" name="getCount" time="0.122"/>
  <testcase classname="seleniumDriverLearning.Amazon" name="login" time="7.071"/>
  <testcase classname="seleniumDriverLearning.Amazon" name="search" time="14.328"/>
  <testcase classname="seleniumDriverLearning.Amazon" name="getScreenshot" time="16.442"/>
  <testcase classname="seleniumDriverLearning.Amazon" name="WebsiteClose" time="0.614"/>
</testsuite> <!-- Test -->
